# JRE version: OpenJDK Runtime Environment (11.0.7+10) (build 11.0.7+10-post-Ubuntu-2ubuntu218.04)
# Java VM: OpenJDK 64-Bit Server VM (11.0.7+10-post-Ubuntu-2ubuntu218.04, mixed mode, sharing, tiered, compressed oops, g1 gc, linux-amd64)
Heap:
 garbage-first heap   total 264192K, used 156222K [0x00000000e0000000, 0x0000000100000000)
  region size 1024K, 133 young (136192K), 13 survivors (13312K)
 Metaspace       used 47009K, capacity 48362K, committed 48588K, reserved 296960K
  class space    used 6297K, capacity 6796K, committed 6860K, reserved 253952K
GC Heap History (16 events):
Event: 0.345 GC heap before
{Heap before GC invocations=0 (full 0):
 garbage-first heap   total 264192K, used 20164K [0x00000000e0000000, 0x0000000100000000)
  region size 1024K, 14 young (14336K), 0 survivors (0K)
 Metaspace       used 2291K, capacity 5507K, committed 5760K, reserved 262144K
  class space    used 283K, capacity 578K, committed 640K, reserved 253952K
}
Event: 0.354 GC heap after
{Heap after GC invocations=1 (full 0):
 garbage-first heap   total 264192K, used 8090K [0x00000000e0000000, 0x0000000100000000)
  region size 1024K, 2 young (2048K), 2 survivors (2048K)
 Metaspace       used 2291K, capacity 5507K, committed 5760K, reserved 262144K
  class space    used 283K, capacity 578K, committed 640K, reserved 253952K
}
Event: 0.628 GC heap before
{Heap before GC invocations=1 (full 0):
 garbage-first heap   total 264192K, used 23450K [0x00000000e0000000, 0x0000000100000000)
  region size 1024K, 17 young (17408K), 2 survivors (2048K)
 Metaspace       used 3942K, capacity 6572K, committed 6656K, reserved 262144K
  class space    used 505K, capacity 765K, committed 768K, reserved 253952K
}
Event: 0.636 GC heap after
{Heap after GC invocations=2 (full 0):
 garbage-first heap   total 264192K, used 9190K [0x00000000e0000000, 0x0000000100000000)
  region size 1024K, 1 young (1024K), 1 survivors (1024K)
 Metaspace       used 3942K, capacity 6572K, committed 6656K, reserved 262144K
  class space    used 505K, capacity 765K, committed 768K, reserved 253952K
}
Event: 0.944 GC heap before
{Heap before GC invocations=2 (full 0):
 garbage-first heap   total 264192K, used 30694K [0x00000000e0000000, 0x0000000100000000)
  region size 1024K, 23 young (23552K), 1 survivors (1024K)
 Metaspace       used 4435K, capacity 6948K, committed 7040K, reserved 262144K
  class space    used 591K, capacity 869K, committed 896K, reserved 253952K
}
Event: 0.952 GC heap after
{Heap after GC invocations=3 (full 0):
 garbage-first heap   total 264192K, used 13247K [0x00000000e0000000, 0x0000000100000000)
  region size 1024K, 3 young (3072K), 3 survivors (3072K)
 Metaspace       used 4435K, capacity 6948K, committed 7040K, reserved 262144K
  class space    used 591K, capacity 869K, committed 896K, reserved 253952K
}
Event: 1.635 GC heap before
{Heap before GC invocations=3 (full 0):
 garbage-first heap   total 264192K, used 48063K [0x00000000e0000000, 0x0000000100000000)
  region size 1024K, 37 young (37888K), 3 survivors (3072K)
 Metaspace       used 11235K, capacity 11587K, committed 11776K, reserved 264192K
  class space    used 1605K, capacity 1741K, committed 1792K, reserved 253952K
}
Event: 1.641 GC heap after
{Heap after GC invocations=4 (full 0):
 garbage-first heap   total 264192K, used 15932K [0x00000000e0000000, 0x0000000100000000)
  region size 1024K, 5 young (5120K), 5 survivors (5120K)
 Metaspace       used 11235K, capacity 11587K, committed 11776K, reserved 264192K
  class space    used 1605K, capacity 1741K, committed 1792K, reserved 253952K
}
Event: 2.569 GC heap before
{Heap before GC invocations=4 (full 0):
 garbage-first heap   total 264192K, used 66108K [0x00000000e0000000, 0x0000000100000000)
  region size 1024K, 55 young (56320K), 5 survivors (5120K)
 Metaspace       used 20354K, capacity 20838K, committed 21248K, reserved 272384K
  class space    used 2858K, capacity 3040K, committed 3072K, reserved 253952K
}
Event: 2.589 GC heap after
{Heap after GC invocations=5 (full 0):
 garbage-first heap   total 264192K, used 19301K [0x00000000e0000000, 0x0000000100000000)
  region size 1024K, 6 young (6144K), 6 survivors (6144K)
 Metaspace       used 20354K, capacity 20838K, committed 21248K, reserved 272384K
  class space    used 2858K, capacity 3040K, committed 3072K, reserved 253952K
}
Event: 2.600 GC heap before
{Heap before GC invocations=5 (full 0):
 garbage-first heap   total 264192K, used 19301K [0x00000000e0000000, 0x0000000100000000)
  region size 1024K, 7 young (7168K), 6 survivors (6144K)
 Metaspace       used 20432K, capacity 20902K, committed 21248K, reserved 272384K
  class space    used 2867K, capacity 3040K, committed 3072K, reserved 253952K
}
Event: 2.614 GC heap after
{Heap after GC invocations=6 (full 0):
 garbage-first heap   total 264192K, used 19811K [0x00000000e0000000, 0x0000000100000000)
  region size 1024K, 4 young (4096K), 4 survivors (4096K)
 Metaspace       used 20432K, capacity 20902K, committed 21248K, reserved 272384K
  class space    used 2867K, capacity 3040K, committed 3072K, reserved 253952K
}
Event: 4.685 GC heap before
{Heap before GC invocations=7 (full 0):
 garbage-first heap   total 264192K, used 90467K [0x00000000e0000000, 0x0000000100000000)
  region size 1024K, 71 young (72704K), 4 survivors (4096K)
 Metaspace       used 27956K, capacity 28730K, committed 29184K, reserved 280576K
  class space    used 3803K, capacity 4072K, committed 4096K, reserved 253952K
}
Event: 4.699 GC heap after
{Heap after GC invocations=8 (full 0):
 garbage-first heap   total 264192K, used 24654K [0x00000000e0000000, 0x0000000100000000)
  region size 1024K, 9 young (9216K), 9 survivors (9216K)
 Metaspace       used 27956K, capacity 28730K, committed 29184K, reserved 280576K
  class space    used 3803K, capacity 4072K, committed 4096K, reserved 253952K
}
Event: 5.910 GC heap before
{Heap before GC invocations=8 (full 0):
 garbage-first heap   total 264192K, used 117838K [0x00000000e0000000, 0x0000000100000000)
  region size 1024K, 100 young (102400K), 9 survivors (9216K)
 Metaspace       used 34743K, capacity 35673K, committed 35840K, reserved 284672K
  class space    used 4758K, capacity 5102K, committed 5120K, reserved 253952K
}
Event: 5.940 GC heap after
{Heap after GC invocations=9 (full 0):
 garbage-first heap   total 264192K, used 34366K [0x00000000e0000000, 0x0000000100000000)
  region size 1024K, 13 young (13312K), 13 survivors (13312K)
 Metaspace       used 34743K, capacity 35673K, committed 35840K, reserved 284672K
  class space    used 4758K, capacity 5102K, committed 5120K, reserved 253952K
}

